<?xml version="1.0" encoding="UTF-8"?>
<testsuites>
  <testsuite name="fastlane.lanes">
    
    
    
      
      <testcase classname="fastlane.lanes" name="0: default_platform" time="0.000207">
        
      </testcase>
    
      
      <testcase classname="fastlane.lanes" name="1: xcodebuild" time="37.481463">
        
          <failure message="/Library/Ruby/Gems/2.6.0/gems/fastlane-2.230.0/fastlane/lib/fastlane/actions/actions_helper.rb:67:in `execute_action'&#10;/Library/Ruby/Gems/2.6.0/gems/fastlane-2.230.0/fastlane/lib/fastlane/runner.rb:255:in `block in execute_action'&#10;/Library/Ruby/Gems/2.6.0/gems/fastlane-2.230.0/fastlane/lib/fastlane/runner.rb:229:in `chdir'&#10;/Library/Ruby/Gems/2.6.0/gems/fastlane-2.230.0/fastlane/lib/fastlane/runner.rb:229:in `execute_action'&#10;/Library/Ruby/Gems/2.6.0/gems/fastlane-2.230.0/fastlane/lib/fastlane/runner.rb:157:in `trigger_action_by_name'&#10;/Library/Ruby/Gems/2.6.0/gems/fastlane-2.230.0/fastlane/lib/fastlane/fast_file.rb:159:in `method_missing'&#10;Fastfile:19:in `block (2 levels) in parsing_binding'&#10;/Library/Ruby/Gems/2.6.0/gems/fastlane-2.230.0/fastlane/lib/fastlane/lane.rb:41:in `call'&#10;/Library/Ruby/Gems/2.6.0/gems/fastlane-2.230.0/fastlane/lib/fastlane/runner.rb:49:in `block in execute'&#10;/Library/Ruby/Gems/2.6.0/gems/fastlane-2.230.0/fastlane/lib/fastlane/runner.rb:45:in `chdir'&#10;/Library/Ruby/Gems/2.6.0/gems/fastlane-2.230.0/fastlane/lib/fastlane/runner.rb:45:in `execute'&#10;/Library/Ruby/Gems/2.6.0/gems/fastlane-2.230.0/fastlane/lib/fastlane/lane_manager.rb:46:in `cruise_lane'&#10;/Library/Ruby/Gems/2.6.0/gems/fastlane-2.230.0/fastlane/lib/fastlane/command_line_handler.rb:34:in `handle'&#10;/Library/Ruby/Gems/2.6.0/gems/fastlane-2.230.0/fastlane/lib/fastlane/commands_generator.rb:110:in `block (2 levels) in run'&#10;/Library/Ruby/Gems/2.6.0/gems/commander-4.6.0/lib/commander/command.rb:187:in `call'&#10;/Library/Ruby/Gems/2.6.0/gems/commander-4.6.0/lib/commander/command.rb:157:in `run'&#10;/Library/Ruby/Gems/2.6.0/gems/commander-4.6.0/lib/commander/runner.rb:444:in `run_active_command'&#10;/Library/Ruby/Gems/2.6.0/gems/fastlane-2.230.0/fastlane_core/lib/fastlane_core/ui/fastlane_runner.rb:124:in `run!'&#10;/Library/Ruby/Gems/2.6.0/gems/commander-4.6.0/lib/commander/delegates.rb:18:in `run!'&#10;/Library/Ruby/Gems/2.6.0/gems/fastlane-2.230.0/fastlane/lib/fastlane/commands_generator.rb:363:in `run'&#10;/Library/Ruby/Gems/2.6.0/gems/fastlane-2.230.0/fastlane/lib/fastlane/commands_generator.rb:43:in `start'&#10;/Library/Ruby/Gems/2.6.0/gems/fastlane-2.230.0/fastlane/lib/fastlane/cli_tools_distributor.rb:123:in `take_off'&#10;/Library/Ruby/Gems/2.6.0/gems/fastlane-2.230.0/bin/fastlane:23:in `&lt;top (required)&gt;'&#10;/usr/local/bin/fastlane:23:in `load'&#10;/usr/local/bin/fastlane:23:in `&lt;top (required)&gt;'&#10;/System/Library/Frameworks/Ruby.framework/Versions/2.6/usr/lib/ruby/2.6.0/bundler/cli/exec.rb:74:in `load'&#10;/System/Library/Frameworks/Ruby.framework/Versions/2.6/usr/lib/ruby/2.6.0/bundler/cli/exec.rb:74:in `kernel_load'&#10;/System/Library/Frameworks/Ruby.framework/Versions/2.6/usr/lib/ruby/2.6.0/bundler/cli/exec.rb:28:in `run'&#10;/System/Library/Frameworks/Ruby.framework/Versions/2.6/usr/lib/ruby/2.6.0/bundler/cli.rb:463:in `exec'&#10;/System/Library/Frameworks/Ruby.framework/Versions/2.6/usr/lib/ruby/2.6.0/bundler/vendor/thor/lib/thor/command.rb:27:in `run'&#10;/System/Library/Frameworks/Ruby.framework/Versions/2.6/usr/lib/ruby/2.6.0/bundler/vendor/thor/lib/thor/invocation.rb:126:in `invoke_command'&#10;/System/Library/Frameworks/Ruby.framework/Versions/2.6/usr/lib/ruby/2.6.0/bundler/vendor/thor/lib/thor.rb:387:in `dispatch'&#10;/System/Library/Frameworks/Ruby.framework/Versions/2.6/usr/lib/ruby/2.6.0/bundler/cli.rb:27:in `dispatch'&#10;/System/Library/Frameworks/Ruby.framework/Versions/2.6/usr/lib/ruby/2.6.0/bundler/vendor/thor/lib/thor/base.rb:466:in `start'&#10;/System/Library/Frameworks/Ruby.framework/Versions/2.6/usr/lib/ruby/2.6.0/bundler/cli.rb:18:in `start'&#10;/Library/Ruby/Gems/2.6.0/gems/bundler-1.17.2/exe/bundle:30:in `block in &lt;top (required)&gt;'&#10;/System/Library/Frameworks/Ruby.framework/Versions/2.6/usr/lib/ruby/2.6.0/bundler/friendly_errors.rb:124:in `with_friendly_errors'&#10;/Library/Ruby/Gems/2.6.0/gems/bundler-1.17.2/exe/bundle:22:in `&lt;top (required)&gt;'&#10;/usr/bin/bundle:23:in `load'&#10;/usr/bin/bundle:23:in `&lt;main&gt;'&#10;&#10;Exit status of command 'set -o pipefail &amp;&amp; xcodebuild -project &quot;RapidDent.xcodeproj&quot; -scheme &quot;RapidDent&quot; -configuration &quot;Debug&quot; -destination &quot;generic/platform=iOS Simulator&quot; build clean CODE_SIGNING_ALLOWED=NO | tee '/Users/mallesh/Library/Logs/fastlane/xcbuild/2026-02-05/64913/xcodebuild.log' | xcpretty --color --simple' was 65 instead of 0.&#10;2026-02-05 23:28:49.673 xcodebuild[64927:7268418] [MT] IDERunDestination: Supported platforms for the buildables in the current scheme is empty.&#10;[33m▸[0m [39;1mProcessing[0m empty-nanopb_nanopb.plist&#10;[33m▸[0m [39;1mProcessing[0m empty-leveldb_leveldb.plist&#10;[33m▸[0m [39;1mProcessing[0m empty-abseil_abslWrapper.plist&#10;[33m▸[0m [39;1mProcessing[0m empty-GoogleUtilities_GoogleUtilities-UserDefaults.plist&#10;[33m▸[0m [39;1mProcessing[0m empty-GoogleUtilities_GoogleUtilities-Network.plist&#10;[33m▸[0m [39;1mProcessing[0m empty-GoogleUtilities_GoogleUtilities-NSData.plist&#10;[33m▸[0m [39;1mProcessing[0m empty-Promises_FBLPromises.plist&#10;[33m▸[0m [39;1mProcessing[0m empty-GoogleUtilities_GoogleUtilities-MethodSwizzler.plist&#10;[33m▸[0m [39;1mProcessing[0m empty-gRPC_opensslWrapper.plist&#10;[33m▸[0m [39;1mProcessing[0m empty-gRPC_grpcppWrapper.plist&#10;[33m▸[0m [39;1mProcessing[0m empty-gRPC_grpcWrapper.plist&#10;[33m▸[0m [39;1mProcessing[0m empty-GoogleUtilities_GoogleUtilities-Reachability.plist&#10;[33m▸[0m [39;1mProcessing[0m empty-GoogleUtilities_GoogleUtilities-Logger.plist&#10;[33m▸[0m [39;1mProcessing[0m empty-GoogleUtilities_GoogleUtilities-Environment.plist&#10;[33m▸[0m [39;1mProcessing[0m empty-GoogleUtilities_GoogleUtilities-AppDelegateSwizzler.plist&#10;[33m▸[0m [39;1mLinking[0m third-party-IsAppEncrypted.o&#10;[33m▸[0m [39;1mLinking[0m FirebaseSharedSwift.o&#10;[33m▸[0m [39;1mLinking[0m FirebaseFirestoreInternalWrapper.o&#10;[33m▸[0m [39;1mLinking[0m FirebaseAuthInterop.o&#10;[33m▸[0m [39;1mLinking[0m FirebaseAppCheckInterop.o&#10;[33m▸[0m [39;1mLinking[0m Firebase.o&#10;[33m▸[0m [39;1mLinking[0m opensslWrapper.o&#10;[33m▸[0m [39;1mLinking[0m nanopb.o&#10;[33m▸[0m [39;1mLinking[0m leveldb.o&#10;[33m▸[0m [39;1mLinking[0m grpcWrapper.o&#10;[33m▸[0m [39;1mLinking[0m abslWrapper.o&#10;[33m▸[0m [39;1mLinking[0m GoogleUtilities-NSData.o&#10;[33m▸[0m [39;1mLinking[0m FBLPromises.o&#10;[33m▸[0m [39;1mLinking[0m third-party-IsAppEncrypted.o&#10;[33m▸[0m [39;1mLinking[0m opensslWrapper.o&#10;[33m▸[0m [39;1mLinking[0m nanopb.o&#10;[33m▸[0m [39;1mLinking[0m FirebaseFirestoreInternalWrapper.o&#10;[33m▸[0m [39;1mLinking[0m FirebaseSharedSwift.o&#10;[33m▸[0m [39;1mLinking[0m grpcWrapper.o&#10;[33m▸[0m [39;1mLinking[0m abslWrapper.o&#10;[33m▸[0m [39;1mLinking[0m GoogleUtilities-NSData.o&#10;[33m▸[0m [39;1mLinking[0m leveldb.o&#10;[33m▸[0m [39;1mLinking[0m FirebaseAuthInterop.o&#10;[33m▸[0m [39;1mLinking[0m FirebaseAppCheckInterop.o&#10;[33m▸[0m [39;1mLinking[0m Firebase.o&#10;[33m▸[0m [39;1mLinking[0m FBLPromises.o&#10;[33m▸[0m [39;1mProcessing[0m empty-Firebase_FirebaseInstallations.plist&#10;[33m▸[0m [39;1mProcessing[0m empty-Firebase_FirebaseFirestore.plist&#10;[33m▸[0m [39;1mProcessing[0m empty-Firebase_FirebaseCoreInternal.plist&#10;[33m▸[0m [39;1mProcessing[0m empty-Firebase_FirebaseCoreExtension.plist&#10;[33m▸[0m [39;1mProcessing[0m empty-Firebase_FirebaseCore.plist&#10;[33m▸[0m [39;1mLinking[0m FirebaseCoreExtension.o&#10;[33m▸[0m [39;1mLinking[0m GoogleUtilities-Environment.o&#10;[33m▸[0m [39;1mLinking[0m FirebaseCoreExtension.o&#10;[33m▸[0m [39;1mLinking[0m GoogleUtilities-Environment.o&#10;[33m▸[0m [39;1mLinking[0m grpcppWrapper.o&#10;[33m▸[0m [39;1mLinking[0m FirebaseCoreInternal.o&#10;[33m▸[0m [39;1mLinking[0m grpcppWrapper.o&#10;[33m▸[0m [39;1mLinking[0m FirebaseCoreInternal.o&#10;[33m▸[0m [39;1mLinking[0m GoogleUtilities-Logger.o&#10;[33m▸[0m [39;1mLinking[0m GoogleUtilities-Logger.o&#10;[33m▸[0m [39;1mLinking[0m GoogleUtilities-UserDefaults.o&#10;[33m▸[0m [39;1mLinking[0m GoogleUtilities-Reachability.o&#10;[33m▸[0m [39;1mLinking[0m GoogleUtilities-UserDefaults.o&#10;[33m▸[0m [39;1mLinking[0m GoogleUtilities-Reachability.o&#10;[33m▸[0m [39;1mLinking[0m GoogleUtilities-MethodSwizzler.o&#10;[33m▸[0m [39;1mLinking[0m GoogleUtilities-MethodSwizzler.o&#10;[33m▸[0m [39;1mLinking[0m GoogleUtilities-Network.o&#10;[33m▸[0m [39;1mLinking[0m GoogleUtilities-Network.o&#10;[33m▸[0m [39;1mLinking[0m FirebaseCore.o&#10;[33m▸[0m [39;1mLinking[0m GoogleUtilities-AppDelegateSwizzler.o&#10;[33m▸[0m [39;1mLinking[0m GoogleAdsOnDeviceConversionTarget.o&#10;[33m▸[0m [39;1mLinking[0m FirebaseCore.o&#10;[33m▸[0m [39;1mLinking[0m GoogleUtilities-AppDelegateSwizzler.o&#10;[33m▸[0m [39;1mLinking[0m GoogleAdsOnDeviceConversionTarget.o&#10;[33m▸[0m [39;1mLinking[0m GoogleAppMeasurementIdentitySupportTarget.o&#10;[33m▸[0m [39;1mLinking[0m GoogleAppMeasurementCoreTarget.o&#10;[33m▸[0m [39;1mLinking[0m GoogleAppMeasurementTarget.o&#10;[33m▸[0m [39;1mLinking[0m FirebaseInstallations.o&#10;[33m▸[0m [39;1mLinking[0m GoogleAppMeasurementIdentitySupportTarget.o&#10;[33m▸[0m [39;1mLinking[0m GoogleAppMeasurementCoreTarget.o&#10;[33m▸[0m [39;1mLinking[0m GoogleAppMeasurementTarget.o&#10;[33m▸[0m [39;1mLinking[0m FirebaseInstallations.o&#10;[33m▸[0m [39;1mLinking[0m FirebaseFirestore.o&#10;[33m▸[0m [39;1mLinking[0m FirebaseAnalyticsWrapper.o&#10;[33m▸[0m [39;1mLinking[0m FirebaseAnalyticsIdentitySupportTarget.o&#10;[33m▸[0m [39;1mLinking[0m FirebaseAnalyticsCoreWrapper.o&#10;[33m▸[0m [39;1mLinking[0m FirebaseFirestore.o&#10;[33m▸[0m [39;1mLinking[0m FirebaseAnalyticsIdentitySupportTarget.o&#10;[33m▸[0m [39;1mLinking[0m FirebaseAnalyticsWrapper.o&#10;[33m▸[0m [39;1mLinking[0m FirebaseAnalyticsCoreWrapper.o&#10;[33m▸[0m [39;1mLinking[0m FirebaseAILogic.o&#10;[33m▸[0m [39;1mLinking[0m FirebaseAILogic.o&#10;** BUILD FAILED **&#10;&#10;&#10;The following build commands failed:&#10;	SwiftCompile normal arm64 Compiling\ DentalExamPrepApp.swift,\ ExamView.swift,\ ProgressManager.swift /Users/mallesh/workspace/RapidDent/RapidDent/DentalExamPrepApp.swift /Users/mallesh/workspace/RapidDent/RapidDent/ExamView.swift /Users/mallesh/workspace/RapidDent/RapidDent/ProgressManager.swift (in target 'RapidDent' from project 'RapidDent')&#10;	SwiftCompile normal arm64 /Users/mallesh/workspace/RapidDent/RapidDent/ExamView.swift (in target 'RapidDent' from project 'RapidDent')&#10;	Building project RapidDent with scheme RapidDent and configuration Debug&#10;(3 failures)&#10;&#10;[31m❌  [0m/Users/mallesh/workspace/RapidDent/RapidDent/ExamView.swift:229:42: [31minstance method 'appendLiteral' is not available due to missing import of defining module 'os'[0m&#10;&#10;                    AppLogger.data.error(&quot;Error fetching exam questions: \(error.localizedDescription)&quot;)&#10;[36m                                         ^[0m&#10;&#10;&#10;&#10;[31m❌  [0m/Users/mallesh/workspace/RapidDent/RapidDent/ExamView.swift:229:103: [31minstance method 'appendLiteral' is not available due to missing import of defining module 'os'[0m&#10;&#10;                    AppLogger.data.error(&quot;Error fetching exam questions: \(error.localizedDescription)&quot;)&#10;[36m^[0m&#10;&#10;&#10;&#10;[31m❌  [0m/Users/mallesh/workspace/RapidDent/RapidDent/ExamView.swift:243:44: [31minstance method 'appendLiteral' is not available due to missing import of defining module 'os'[0m&#10;&#10;                    AppLogger.data.warning(&quot;Only \(fetchedQuestions.count) exam questions available&quot;)&#10;[36m^[0m&#10;&#10;&#10;&#10;[31m❌  [0m/Users/mallesh/workspace/RapidDent/RapidDent/ExamView.swift:243:75: [31minstance method 'appendLiteral' is not available due to missing import of defining module 'os'[0m&#10;&#10;                    AppLogger.data.warning(&quot;Only \(fetchedQuestions.count) exam questions available&quot;)&#10;[36m^[0m&#10;&#10;&#10;&#10;[31m❌  [0m/Users/mallesh/workspace/RapidDent/RapidDent/ExamView.swift:293:29: [31minstance method 'appendLiteral' is not available due to missing import of defining module 'os'[0m&#10;&#10;        AppLogger.game.info(&quot;Exam finished! Score: \(score)/\(questions.count)&quot;)&#10;[36m^[0m&#10;&#10;&#10;&#10;[31m❌  [0m/Users/mallesh/workspace/RapidDent/RapidDent/ExamView.swift:293:60: [31minstance method 'appendLiteral' is not available due to missing import of defining module 'os'[0m&#10;&#10;        AppLogger.game.info(&quot;Exam finished! Score: \(score)/\(questions.count)&quot;)&#10;[36m^[0m&#10;&#10;&#10;&#10;[31m❌  [0m/Users/mallesh/workspace/RapidDent/RapidDent/ExamView.swift:293:79: [31minstance method 'appendLiteral' is not available due to missing import of defining module 'os'[0m&#10;&#10;        AppLogger.game.info(&quot;Exam finished! Score: \(score)/\(questions.count)&quot;)&#10;[36m^[0m&#10;&#10;&#10;&#10;[31m❌  [0m/Users/mallesh/workspace/RapidDent/RapidDent/ExamView.swift:229:36: [31minstance method 'error' is not available due to missing import of defining module 'os'[0m&#10;&#10;                    AppLogger.data.error(&quot;Error fetching exam questions: \(error.localizedDescription)&quot;)&#10;[36m^[0m&#10;&#10;&#10;&#10;[31m❌  [0m/Users/mallesh/workspace/RapidDent/RapidDent/ExamView.swift:229:42: [31minitializer 'init(stringInterpolation:)' is not available due to missing import of defining module 'os'[0m&#10;&#10;                    AppLogger.data.error(&quot;Error fetching exam questions: \(error.localizedDescription)&quot;)&#10;[36m^[0m&#10;&#10;&#10;&#10;[31m❌  [0m/Users/mallesh/workspace/RapidDent/RapidDent/ExamView.swift:243:44: [31minitializer 'init(stringInterpolation:)' is not available due to missing import of defining module 'os'[0m&#10;&#10;                    AppLogger.data.warning(&quot;Only \(fetchedQuestions.count) exam questions available&quot;)&#10;[36m^[0m&#10;&#10;&#10;&#10;[31m❌  [0m/Users/mallesh/workspace/RapidDent/RapidDent/ExamView.swift:293:29: [31minitializer 'init(stringInterpolation:)' is not available due to missing import of defining module 'os'[0m&#10;&#10;        AppLogger.game.info(&quot;Exam finished! Score: \(score)/\(questions.count)&quot;)&#10;[36m^[0m&#10;&#10;&#10;&#10;[31m❌  [0m/Users/mallesh/workspace/RapidDent/RapidDent/ExamView.swift:247:36: [31minstance method 'info' is not available due to missing import of defining module 'os'[0m&#10;&#10;                    AppLogger.data.info(&quot;Mock Exam ready with 30 questions&quot;)&#10;[36m^[0m&#10;&#10;&#10;&#10;[31m❌  [0m/Users/mallesh/workspace/RapidDent/RapidDent/ExamView.swift:293:24: [31minstance method 'info' is not available due to missing import of defining module 'os'[0m&#10;&#10;        AppLogger.game.info(&quot;Exam finished! Score: \(score)/\(questions.count)&quot;)&#10;[36m^[0m&#10;&#10;&#10;&#10;[31m❌  [0m/Users/mallesh/workspace/RapidDent/RapidDent/ExamView.swift:235:36: [31minstance method 'warning' is not available due to missing import of defining module 'os'[0m&#10;&#10;                    AppLogger.data.warning(&quot;No exam documents found&quot;)&#10;[36m^[0m&#10;&#10;&#10;&#10;[31m❌  [0m/Users/mallesh/workspace/RapidDent/RapidDent/ExamView.swift:243:36: [31minstance method 'warning' is not available due to missing import of defining module 'os'[0m&#10;&#10;                    AppLogger.data.warning(&quot;Only \(fetchedQuestions.count) exam questions available&quot;)&#10;[36m^[0m&#10;&#10;&#10;&#10;[31m❌  [0m/Users/mallesh/workspace/RapidDent/RapidDent/ExamView.swift:235:44: [31minitializer 'init(stringLiteral:)' is not available due to missing import of defining module 'os'[0m&#10;&#10;                    AppLogger.data.warning(&quot;No exam documents found&quot;)&#10;[36m^[0m&#10;&#10;&#10;&#10;[31m❌  [0m/Users/mallesh/workspace/RapidDent/RapidDent/ExamView.swift:247:41: [31minitializer 'init(stringLiteral:)' is not available due to missing import of defining module 'os'[0m&#10;&#10;                    AppLogger.data.info(&quot;Mock Exam ready with 30 questions&quot;)&#10;[36m^[0m&#10;&#10;&#10;&#10;[31m❌  [0m/Users/mallesh/workspace/RapidDent/RapidDent/ExamView.swift:229:75: [31minstance method 'appendInterpolation(_:align:privacy:)' is not available due to missing import of defining module 'os'[0m&#10;&#10;                    AppLogger.data.error(&quot;Error fetching exam questions: \(error.localizedDescription)&quot;)&#10;[36m^[0m&#10;&#10;&#10;&#10;[31m❌  [0m/Users/mallesh/workspace/RapidDent/RapidDent/ExamView.swift:243:51: [31minstance method 'appendInterpolation(_:format:align:privacy:)' is not available due to missing import of defining module 'os'[0m&#10;&#10;                    AppLogger.data.warning(&quot;Only \(fetchedQuestions.count) exam questions available&quot;)&#10;[36m^[0m&#10;&#10;&#10;&#10;[31m❌  [0m/Users/mallesh/workspace/RapidDent/RapidDent/ExamView.swift:293:53: [31minstance method 'appendInterpolation(_:format:align:privacy:)' is not available due to missing import of defining module 'os'[0m&#10;&#10;        AppLogger.game.info(&quot;Exam finished! Score: \(score)/\(questions.count)&quot;)&#10;[36m^[0m&#10;&#10;&#10;&#10;[31m❌  [0m/Users/mallesh/workspace/RapidDent/RapidDent/ExamView.swift:293:62: [31minstance method 'appendInterpolation(_:format:align:privacy:)' is not available due to missing import of defining module 'os'[0m&#10;&#10;        AppLogger.game.info(&quot;Exam finished! Score: \(score)/\(questions.count)&quot;)&#10;[36m^[0m&#10;&#10;&#10;** CLEAN FAILED **&#10;&#10;" />
        
      </testcase>
    
  </testsuite>
</testsuites>
